main () at main.c:317
317		asm(
Hardware assisted breakpoint 1 at 0x8000ab0: file main.c, line 22.
Hardware assisted breakpoint 2 at 0x8000f18: file main.c, line 316.
Hardware assisted breakpoint 3 at 0x8000f20: file main.c, line 317.
Hardware assisted breakpoint 4 at 0x8000316: file stm32f4xx_it.c, line 63.
main () at main.c:22
22	{

Breakpoint 2, main () at main.c:316
316		GPIO_Write(GPIOD, 0xFF);
r0             0x40020c00	1073875968
r1             0x8000	32768
r2             0x1112	4370
r3             0xffffffff	4294967295
r4             0x22220006	572653574
r5             0x6	6
r6             0x7	7
r7             0xa5a5a680	2779096704
r8             0xa5a50001	2779054081
r9             0xaaaa5556	2863289686
r10            0xa5a6	42406
r11            0x20000601	536872449
r12            0x20000200	536871424
sp             0x2001fff0	0x2001fff0
lr             0x8000b59	134220633
pc             0x8000f18	0x8000f18 <main+1128>
xpsr           0x61000000	1627389952
MSP            0x2001fff0	537001968
PSP            0x0	0
PRIMASK        0x0	0
BASEPRI        0x0	0
FAULTMASK      0x0	0
CONTROL        0x0	0

Breakpoint 3, main () at main.c:317
317		asm(
r0             0x40020c00	1073875968
r1             0xff	255
r2             0x1112	4370
r3             0xffffffff	4294967295
r4             0x22220006	572653574
r5             0x6	6
r6             0x7	7
r7             0xa5a5a680	2779096704
r8             0xa5a50001	2779054081
r9             0xaaaa5556	2863289686
r10            0xa5a6	42406
r11            0x20000601	536872449
r12            0x20000200	536871424
sp             0x2001fff0	0x2001fff0
lr             0x8000f21	134221601
pc             0x8000f20	0x8000f20 <main+1136>
xpsr           0x21000000	553648128
MSP            0x2001fff0	537001968
PSP            0x0	0
PRIMASK        0x0	0
BASEPRI        0x0	0
FAULTMASK      0x0	0
CONTROL        0x0	0
0x20000200:	0x77777777	0x44444444	0x77777777	0x44444444
0x20000210:	0x77777777	0x44444444	0x77777777	0x44444444
0x20000220:	0x77777777	0x44444444	0x77777777	0x44444444
0x20000230:	0x77777777	0x44444444	0x77777777	0x44444444
0x20000240:	0x77777777	0x44444444	0x77777777	0x44444444
0x20000250:	0x77777777	0x44444444	0x77777777	0x44444444
0x20000260:	0x77777777	0x44444444	0x77777777	0x44444444
0x20000270:	0x77777777	0x44444444	0x77777777	0x44444444
0x20000280:	0x77777777	0x44444444	0x77777777	0x44444444
0x20000290:	0x77777777	0x44444444	0x77777777	0x44444444
0x200002a0:	0x77777777	0x44444444	0x77777777	0x44444444
0x200002b0:	0x77777777	0x44444444	0x77777777	0x44444444
0x200002c0:	0x77777777	0x44444444	0x77777777	0x44444444
0x200002d0:	0x77777777	0x44444444	0x77777777	0x44444444
0x200002e0:	0x77777777	0x44444444	0x77777777	0x44444444
0x200002f0:	0x77777777	0x44444444	0x77777777	0x44444444
0x20000300:	0x77777777	0x44444444	0x77777777	0x44444444
0x20000310:	0x77777777	0x44444444	0x77777777	0x44444444
0x20000320:	0x77777777	0x44444444	0x77777777	0x44444444
0x20000330:	0x77777777	0x44444444	0x77777777	0x44444444
0x20000340:	0x77777777	0x44444444	0x77777777	0x44444444
0x20000350:	0x77777777	0x44444444	0x77777777	0x44444444
0x20000360:	0x77777777	0x44444444	0x77777777	0x44444444
0x20000370:	0x77777777	0x44444444	0x77777777	0x44444444
0x20000380:	0x77777777	0x44444444	0x77777777	0x44444444
0x20000390:	0x77777777	0x44444444	0x77777777	0x44444444
0x200003a0:	0x77777777	0x44444444	0x77777777	0x44444444
0x200003b0:	0x77777777	0x44444444	0x77777777	0x44444444
0x200003c0:	0x77777777	0x44444444	0x77777777	0x44444444
0x200003d0:	0x77777777	0x44444444	0x77777777	0x44444444
0x200003e0:	0x77777777	0x44444444	0x77777777	0x44444444
0x200003f0:	0x77777777	0x44444444	0x77777777	0x44444444
0x20000400:	0x77777777	0x44444444	0x77777777	0x44444444
0x20000410:	0x77777777	0x44444444	0x77777777	0x44444444
0x20000420:	0x77777777	0x44444444	0x77777777	0x44444444
0x20000430:	0x77777777	0x44444444	0x77777777	0x44444444
0x20000440:	0x77777777	0x44444444	0x77777777	0x44444444
0x20000450:	0x77777777	0x44444444	0x77777777	0x44444444
0x20000460:	0x77777777	0x44444444	0x77777777	0x44444444
0x20000470:	0x77777777	0x44444444	0x77777777	0x44444444
0x20000480:	0x77777777	0x44444444	0x77777777	0x44444444
0x20000490:	0x77777777	0x44444444	0x77777777	0x44444444
0x200004a0:	0x77777777	0x44444444	0x77777777	0x44444444
0x200004b0:	0x77777777	0x44444444	0x77777777	0x44444444
0x200004c0:	0x77777777	0x44444444	0x77777777	0x44444444
0x200004d0:	0x77777777	0x44444444	0x77777777	0x44444444
0x200004e0:	0x77777777	0x44444444	0x77777777	0x44444444
0x200004f0:	0x77777777	0x44444444	0x77777777	0x44444444
0x20000500:	0x77777777	0x44444444	0x77777777	0x44444444
0x20000510:	0x77777777	0x44444444	0x77777777	0x44444444
0x20000520:	0x77777777	0x44444444	0x77777777	0x44444444
0x20000530:	0x77777777	0x44444444	0x77777777	0x44444444
0x20000540:	0x77777777	0x44444444	0x77777777	0x44444444
0x20000550:	0x77777777	0x44444444	0x77777777	0x44444444
0x20000560:	0x77777777	0x44444444	0x77777777	0x44444444
0x20000570:	0x77777777	0x44444444	0x77777777	0x44444444
0x20000580:	0x77777777	0x44444444	0x77777777	0x44444444
0x20000590:	0x77777777	0x44444444	0x77777777	0x44444444
0x200005a0:	0x77777777	0x44444444	0x77777777	0x44444444
0x200005b0:	0x77777777	0x44444444	0x77777777	0x44444444
0x200005c0:	0x77777777	0x44444444	0x77777777	0x44444444
0x200005d0:	0x77777777	0x44444444	0x77777777	0x44444444
0x200005e0:	0x77777777	0x44444444	0x77777777	0x44444444
0x200005f0:	0x77777777	0x44444444	0x77777777	0x44444444
0x20000600:	0x77777777	0x44444444	0x77777777	0x44444444
0x20000610:	0x77777777	0x44444444	0x77777777	0x44444444
0x20000620:	0x77777777	0x44444444	0x77777777	0x44444444
0x20000630:	0x77777777	0x44444444	0x77777777	0x44444444
0x20000640:	0x77777777	0x44444444	0x77777777	0x44444444
0x20000650:	0x77777777	0x44444444	0x77777777	0x44444444
0x20000660:	0x77777777	0x44444444	0x77777777	0x44444444
0x20000670:	0x77777777	0x44444444	0x77777777	0x44444444
0x20000680:	0x77777777	0x44444444	0x77777777	0x44444444
0x20000690:	0x77777777	0x44444444	0x77777777	0x44444444
0x200006a0:	0x77777777	0x44444444	0x77777777	0x44444444
0x200006b0:	0x77777777	0x44444444	0x77777777	0x44444444
0x200006c0:	0x77777777	0x44444444	0x77777777	0x44444444
0x200006d0:	0x77777777	0x44444444	0x77777777	0x44444444
0x200006e0:	0x77777777	0x44444444	0x77777777	0x44444444
0x200006f0:	0x77777777	0x44444444	0x77777777	0x44444444
0x20000700:	0x77777777	0x44444444	0x77777777	0x44444444
0x20000710:	0x77777777	0x44444444	0x77777777	0x44444444
0x20000720:	0x77777777	0x44444444	0x77777777	0x44444444
0x20000730:	0x77777777	0x44444444	0x77777777	0x44444444
0x20000740:	0x77777777	0x44444444	0x77777777	0x44444444
0x20000750:	0x77777777	0x44444444	0x77777777	0x44444444
0x20000760:	0x77777777	0x44444444	0x77777777	0x44444444
0x20000770:	0x77777777	0x44444444	0x77777777	0x44444444
0x20000780:	0x77777777	0x44444444	0x77777777	0x44444444
0x20000790:	0x77777777	0x44444444	0x77777777	0x44444444
0x200007a0:	0x77777777	0x44444444	0x77777777	0x44444444
0x200007b0:	0x77777777	0x44444444	0x77777777	0x44444444
0x200007c0:	0x77777777	0x44444444	0x77777777	0x44444444
0x200007d0:	0x77777777	0x44444444	0x77777777	0x44444444
0x200007e0:	0x77777777	0x44444444	0x77777777	0x44444444
0x200007f0:	0x77777777	0x44444444	0x77777777	0x44444444
0x20000800:	0x77777777	0x44444444	0x77777777	0x44444444
0x20000810:	0x77777777	0x44444444	0x77777777	0x44444444
0x20000820:	0x77777777	0x44444444	0x77777777	0x44444444
0x20000830:	0x77777777	0x44444444	0x77777777	0x44444444
0x20000840:	0x77777777	0x44444444	0x77777777	0x44444444
0x20000850:	0x77777777	0x44444444	0x77777777	0x44444444
0x20000860:	0x77777777	0x44444444	0x77777777	0x44444444
0x20000870:	0x77777777	0x44444444	0x77777777	0x44444444
0x20000880:	0x77777777	0x44444444	0x77777777	0x44444444
0x20000890:	0x77777777	0x44444444	0x77777777	0x44444444
0x200008a0:	0x77777777	0x44444444	0x77777777	0x44444444
0x200008b0:	0x77777777	0x44444444	0x77777777	0x44444444
0x200008c0:	0x77777777	0x44444444	0x77777777	0x44444444
0x200008d0:	0x77777777	0x44444444	0x77777777	0x44444444
0x200008e0:	0x77777777	0x44444444	0x77777777	0x44444444
0x200008f0:	0x77777777	0x44444444	0x77777777	0x44444444
0x20000900:	0x77777777	0x44444444	0x77777777	0x44444444
0x20000910:	0x77777777	0x44444444	0x77777777	0x44444444
0x20000920:	0x77777777	0x44444444	0x77777777	0x44444444
0x20000930:	0x77777777	0x44444444	0x77777777	0x44444444
0x20000940:	0x77777777	0x44444444	0x77777777	0x44444444
0x20000950:	0x77777777	0x44444444	0x77777777	0x44444444
0x20000960:	0x77777777	0x44444444	0x77777777	0x44444444
0x20000970:	0x77777777	0x44444444	0x77777777	0x44444444
0x20000980:	0x77777777	0x44444444	0x77777777	0x44444444
0x20000990:	0x77777777	0x44444444	0x77777777	0x44444444
0x200009a0:	0x77777777	0x44444444	0x77777777	0x44444444
0x200009b0:	0x77777777	0x44444444	0x77777777	0x44444444
0x200009c0:	0x77777777	0x44444444	0x77777777	0x44444444
0x200009d0:	0x77777777	0x44444444	0x77777777	0x44444444
0x200009e0:	0x77777777	0x44444444	0x77777777	0x44444444
0x200009f0:	0x77777777	0x44444444	0x77777777	0x44444444
0x20000a00:	0x77777777	0x44444444	0x77777777	0x44444444
0x20000a10:	0x77777777	0x44444444	0x77777777	0x44444444
0x20000a20:	0x77777777	0x44444444	0x77777777	0x44444444
0x20000a30:	0x77777777	0x44444444	0x77777777	0x44444444
0x20000a40:	0x77777777	0x44444444	0x77777777	0x44444444
0x20000a50:	0x77777777	0x44444444	0x77777777	0x44444444
0x20000a60:	0x77777777	0x44444444	0x77777777	0x44444444
0x20000a70:	0x77777777	0x44444444	0x77777777	0x44444444
0x20000a80:	0x77777777	0x44444444	0x77777777	0x44444444
0x20000a90:	0x77777777	0x44444444	0x77777777	0x44444444
0x20000aa0:	0x77777777	0x44444444	0x77777777	0x44444444
0x20000ab0:	0x77777777	0x44444444	0x77777777	0x44444444
0x20000ac0:	0x77777777	0x44444444	0x77777777	0x44444444
0x20000ad0:	0x77777777	0x44444444	0x77777777	0x44444444
0x20000ae0:	0x77777777	0x44444444	0x77777777	0x44444444
0x20000af0:	0x77777777	0x44444444	0x77777777	0x44444444
0x20000b00:	0x77777777	0x44444444	0x77777777	0x44444444
0x20000b10:	0x77777777	0x44444444	0x77777777	0x44444444
0x20000b20:	0x77777777	0x44444444	0x77777777	0x44444444
0x20000b30:	0x77777777	0x44444444	0x77777777	0x44444444
0x20000b40:	0x77777777	0x44444444	0x77777777	0x44444444
0x20000b50:	0x77777777	0x44444444	0x77777777	0x44444444
0x20000b60:	0x77777777	0x44444444	0x77777777	0x44444444
0x20000b70:	0x77777777	0x44444444	0x77777777	0x44444444
0x20000b80:	0x77777777	0x44444444	0x77777777	0x44444444
0x20000b90:	0x77777777	0x44444444	0x77777777	0x44444444
0x20000ba0:	0x77777777	0x44444444	0x77777777	0x44444444
0x20000bb0:	0x77777777	0x44444444	0x77777777	0x44444444
0x20000bc0:	0x77777777	0x44444444	0x77777777	0x44444444
0x20000bd0:	0x77777777	0x44444444	0x77777777	0x44444444
0x20000be0:	0x77777777	0x44444444	0x77777777	0x44444444
0x20000bf0:	0x77777777	0x44444444	0x77777777	0x44444444
0x20000c00:	0x77777777	0x44444444	0x77777777	0x44444444
0x20000c10:	0x77777777	0x44444444	0x77777777	0x44444444
0x20000c20:	0x77777777	0x44444444	0x77777777	0x44444444
0x20000c30:	0x77777777	0x44444444	0x77777777	0x44444444
0x20000c40:	0x77777777	0x44444444	0x77777777	0x44444444
0x20000c50:	0x77777777	0x44444444	0x77777777	0x44444444
0x20000c60:	0x77777777	0x44444444	0x77777777	0x44444444
0x20000c70:	0x77777777	0x44444444	0x77777777	0x44444444
0x20000c80:	0x77777777	0x44444444	0x77777777	0x44444444
0x20000c90:	0x77777777	0x44444444	0x77777777	0x44444444
0x20000ca0:	0x77777777	0x44444444	0x77777777	0x44444444
0x20000cb0:	0x77777777	0x44444444	0x77777777	0x44444444
0x20000cc0:	0x77777777	0x44444444	0x77777777	0x44444444
0x20000cd0:	0x77777777	0x44444444	0x77777777	0x44444444
0x20000ce0:	0x77777777	0x44444444	0x77777777	0x44444444
0x20000cf0:	0x77777777	0x44444444	0x77777777	0x44444444
0x20000d00:	0x77777777	0x44444444	0x77777777	0x44444444
0x20000d10:	0x77777777	0x44444444	0x77777777	0x44444444
0x20000d20:	0x77777777	0x44444444	0x77777777	0x44444444
0x20000d30:	0x77777777	0x44444444	0x77777777	0x44444444
0x20000d40:	0x77777777	0x44444444	0x77777777	0x44444444
0x20000d50:	0x77777777	0x44444444	0x77777777	0x44444444
0x20000d60:	0x77777777	0x44444444	0x77777777	0x44444444
0x20000d70:	0x77777777	0x44444444	0x77777777	0x44444444
0x20000d80:	0x77777777	0x44444444	0x77777777	0x44444444
0x20000d90:	0x77777777	0x44444444	0x77777777	0x44444444
0x20000da0:	0x77777777	0x44444444	0x77777777	0x44444444
0x20000db0:	0x77777777	0x44444444	0x77777777	0x44444444
0x20000dc0:	0x77777777	0x44444444	0x77777777	0x44444444
0x20000dd0:	0x77777777	0x44444444	0x77777777	0x44444444
0x20000de0:	0x77777777	0x44444444	0x77777777	0x44444444
0x20000df0:	0x77777777	0x44444444	0x77777777	0x44444444
0x20000e00:	0x77777777	0x44444444	0x77777777	0x44444444
0x20000e10:	0x77777777	0x44444444	0x77777777	0x44444444
0x20000e20:	0x77777777	0x44444444	0x77777777	0x44444444
0x20000e30:	0x77777777	0x44444444	0x77777777	0x44444444
0x20000e40:	0x77777777	0x44444444	0x77777777	0x44444444
0x20000e50:	0x77777777	0x44444444	0x77777777	0x44444444
0x20000e60:	0x77777777	0x44444444	0x77777777	0x44444444
0x20000e70:	0x77777777	0x44444444	0x77777777	0x44444444
Dump of assembler code for function main:
   0x08000ab0 <+0>:	push	{r4, r5, r6, lr}
   0x08000ab2 <+2>:	movs	r0, #8
   0x08000ab4 <+4>:	movs	r1, #1
   0x08000ab6 <+6>:	bl	0x800088c <RCC_AHB1PeriphClockCmd>
   0x08000aba <+10>:	ldr	r2, [pc, #40]	; (0x8000ae4 <main+52>)
   0x08000abc <+12>:	ldr	r0, [pc, #40]	; (0x8000ae8 <main+56>)
   0x08000abe <+14>:	movs	r3, #3
   0x08000ac0 <+16>:	mov	r1, r2
   0x08000ac2 <+18>:	movs	r4, #0
   0x08000ac4 <+20>:	mov.w	r6, #61440	; 0xf000
   0x08000ac8 <+24>:	movs	r5, #1
   0x08000aca <+26>:	strb	r3, [r2, #5]
   0x08000acc <+28>:	str	r6, [r2, #0]
   0x08000ace <+30>:	strb	r5, [r2, #4]
   0x08000ad0 <+32>:	strb	r4, [r2, #6]
   0x08000ad2 <+34>:	strb	r4, [r2, #7]
   0x08000ad4 <+36>:	bl	0x8000464 <GPIO_Init>
   0x08000ad8 <+40>:	mov	r3, r4
   0x08000ada <+42>:	ldr	r2, [pc, #16]	; (0x8000aec <main+60>)
   0x08000adc <+44>:	ldr	r0, [pc, #16]	; (0x8000af0 <main+64>)
   0x08000ade <+46>:	mov.w	r1, #2004318071	; 0x77777777
   0x08000ae2 <+50>:	b.n	0x8000b06 <main+86>
   0x08000ae4 <+52>:	movs	r4, r4
   0x08000ae6 <+54>:	movs	r0, #0
   0x08000ae8 <+56>:	lsrs	r0, r0, #16
   0x08000aea <+58>:	ands	r2, r0
   0x08000aec <+60>:	lsls	r4, r0, #8
   0x08000aee <+62>:	movs	r0, #0
   0x08000af0 <+64>:	lsls	r0, r0, #8
   0x08000af2 <+66>:	movs	r0, #0
   0x08000af4 <+68>:	tst.w	r3, #1
   0x08000af8 <+72>:	mov	r0, r2
   0x08000afa <+74>:	ite	eq
   0x08000afc <+76>:	moveq.w	r1, #2004318071	; 0x77777777
   0x08000b00 <+80>:	movne.w	r1, #1145324612	; 0x44444444
   0x08000b04 <+84>:	adds	r2, #4
   0x08000b06 <+86>:	adds	r3, #1
   0x08000b08 <+88>:	cmp.w	r3, #800	; 0x320
   0x08000b0c <+92>:	str	r1, [r0, #0]
   0x08000b0e <+94>:	bne.n	0x8000af4 <main+68>
   0x08000b10 <+96>:	nop
   0x08000b12 <+98>:	ldr	r0, [pc, #72]	; (0x8000b5c <main+172>)
   0x08000b14 <+100>:	mov.w	r1, #4096	; 0x1000
   0x08000b18 <+104>:	bl	0x800057c <GPIO_SetBits>
   0x08000b1c <+108>:	movs	r3, #16
   0x08000b1e <+110>:	mov	r2, r3
   0x08000b20 <+112>:	subs	r3, #1
   0x08000b22 <+114>:	cmp	r2, #0
   0x08000b24 <+116>:	bne.n	0x8000b1e <main+110>
   0x08000b26 <+118>:	ldr.w	r2, [pc, #1044]	; 0x8000f3c
   0x08000b2a <+122>:	ldr.w	r4, [pc, #1044]	; 0x8000f40
   0x08000b2e <+126>:	ldr.w	r5, [pc, #1044]	; 0x8000f44
   0x08000b32 <+130>:	ldr.w	r6, [pc, #1044]	; 0x8000f48
   0x08000b36 <+134>:	ldr.w	r7, [pc, #1044]	; 0x8000f4c
   0x08000b3a <+138>:	ldr.w	r8, [pc, #1044]	; 0x8000f50
   0x08000b3e <+142>:	ldr.w	r9, [pc, #1044]	; 0x8000f54
   0x08000b42 <+146>:	ldr.w	r10, [pc, #1044]	; 0x8000f58
   0x08000b46 <+150>:	ldr.w	r11, [pc, #1044]	; 0x8000f5c
   0x08000b4a <+154>:	ldr.w	r12, [pc, #1044]	; 0x8000f60
   0x08000b4e <+158>:	ldr	r0, [pc, #12]	; (0x8000b5c <main+172>)
   0x08000b50 <+160>:	mov.w	r1, #32768	; 0x8000
   0x08000b54 <+164>:	bl	0x800057c <GPIO_SetBits>
   0x08000b58 <+168>:	b.n	0x8000b60 <main+176>
   0x08000b5a <+170>:	nop
   0x08000b5c <+172>:	lsrs	r0, r0, #16
   0x08000b5e <+174>:	ands	r2, r0
   0x08000b60 <+176>:	nop
   0x08000b62 <+178>:	nop
   0x08000b64 <+180>:	nop
   0x08000b66 <+182>:	nop
   0x08000b68 <+184>:	nop
   0x08000b6a <+186>:	nop
   0x08000b6c <+188>:	nop
   0x08000b6e <+190>:	isb	sy
   0x08000b72 <+194>:	isb	sy
   0x08000b76 <+198>:	isb	sy
   0x08000b7a <+202>:	isb	sy
   0x08000b7e <+206>:	ldr	r7, [pc, #996]	; (0x8000f64)
   0x08000b80 <+208>:	isb	sy
   0x08000b84 <+212>:	isb	sy
   0x08000b88 <+216>:	add.w	r2, r2, #1
   0x08000b8c <+220>:	add.w	r4, r4, #1
   0x08000b90 <+224>:	add.w	r5, r5, #1
   0x08000b94 <+228>:	add.w	r6, r6, #1
   0x08000b98 <+232>:	add.w	r7, r7, #1
   0x08000b9c <+236>:	add.w	r8, r8, #1
   0x08000ba0 <+240>:	add.w	r9, r9, #1
   0x08000ba4 <+244>:	add.w	r10, r10, #1
   0x08000ba8 <+248>:	add.w	r11, r11, #1
   0x08000bac <+252>:	add.w	r4, r4, #5
   0x08000bb0 <+256>:	add.w	r7, r7, #1
   0x08000bb4 <+260>:	add.w	r7, r7, #1
   0x08000bb8 <+264>:	add.w	r7, r7, #1
   0x08000bbc <+268>:	add.w	r7, r7, #1
   0x08000bc0 <+272>:	add.w	r7, r7, #1
   0x08000bc4 <+276>:	add.w	r7, r7, #1
   0x08000bc8 <+280>:	add.w	r7, r7, #1
   0x08000bcc <+284>:	add.w	r7, r7, #1
   0x08000bd0 <+288>:	add.w	r7, r7, #1
   0x08000bd4 <+292>:	add.w	r7, r7, #1
   0x08000bd8 <+296>:	add.w	r7, r7, #1
   0x08000bdc <+300>:	add.w	r7, r7, #1
   0x08000be0 <+304>:	add.w	r7, r7, #1
   0x08000be4 <+308>:	add.w	r7, r7, #1
   0x08000be8 <+312>:	add.w	r7, r7, #1
   0x08000bec <+316>:	add.w	r7, r7, #1
   0x08000bf0 <+320>:	add.w	r7, r7, #1
   0x08000bf4 <+324>:	add.w	r7, r7, #1
   0x08000bf8 <+328>:	add.w	r7, r7, #1
   0x08000bfc <+332>:	add.w	r7, r7, #1
   0x08000c00 <+336>:	add.w	r7, r7, #1
   0x08000c04 <+340>:	add.w	r7, r7, #1
   0x08000c08 <+344>:	add.w	r7, r7, #1
   0x08000c0c <+348>:	add.w	r7, r7, #1
   0x08000c10 <+352>:	add.w	r7, r7, #1
   0x08000c14 <+356>:	add.w	r7, r7, #1
   0x08000c18 <+360>:	add.w	r7, r7, #1
   0x08000c1c <+364>:	add.w	r7, r7, #1
   0x08000c20 <+368>:	add.w	r7, r7, #1
   0x08000c24 <+372>:	add.w	r7, r7, #1
   0x08000c28 <+376>:	add.w	r7, r7, #1
   0x08000c2c <+380>:	add.w	r7, r7, #1
   0x08000c30 <+384>:	add.w	r7, r7, #1
   0x08000c34 <+388>:	add.w	r7, r7, #1
   0x08000c38 <+392>:	add.w	r7, r7, #1
   0x08000c3c <+396>:	add.w	r7, r7, #1
   0x08000c40 <+400>:	add.w	r7, r7, #1
   0x08000c44 <+404>:	add.w	r7, r7, #1
   0x08000c48 <+408>:	add.w	r7, r7, #1
   0x08000c4c <+412>:	add.w	r7, r7, #1
   0x08000c50 <+416>:	add.w	r7, r7, #1
   0x08000c54 <+420>:	add.w	r7, r7, #1
   0x08000c58 <+424>:	add.w	r7, r7, #1
   0x08000c5c <+428>:	add.w	r7, r7, #1
   0x08000c60 <+432>:	add.w	r7, r7, #1
   0x08000c64 <+436>:	add.w	r7, r7, #1
   0x08000c68 <+440>:	add.w	r7, r7, #1
   0x08000c6c <+444>:	add.w	r7, r7, #1
   0x08000c70 <+448>:	add.w	r7, r7, #1
   0x08000c74 <+452>:	add.w	r7, r7, #1
   0x08000c78 <+456>:	add.w	r7, r7, #1
   0x08000c7c <+460>:	add.w	r7, r7, #1
   0x08000c80 <+464>:	add.w	r7, r7, #1
   0x08000c84 <+468>:	add.w	r7, r7, #1
   0x08000c88 <+472>:	add.w	r7, r7, #1
   0x08000c8c <+476>:	add.w	r7, r7, #1
   0x08000c90 <+480>:	add.w	r7, r7, #1
   0x08000c94 <+484>:	add.w	r7, r7, #1
   0x08000c98 <+488>:	add.w	r7, r7, #1
   0x08000c9c <+492>:	add.w	r7, r7, #1
   0x08000ca0 <+496>:	add.w	r7, r7, #1
   0x08000ca4 <+500>:	add.w	r7, r7, #1
   0x08000ca8 <+504>:	add.w	r7, r7, #1
   0x08000cac <+508>:	add.w	r7, r7, #1
   0x08000cb0 <+512>:	add.w	r7, r7, #1
   0x08000cb4 <+516>:	add.w	r7, r7, #1
   0x08000cb8 <+520>:	add.w	r7, r7, #1
   0x08000cbc <+524>:	add.w	r7, r7, #1
   0x08000cc0 <+528>:	add.w	r7, r7, #1
   0x08000cc4 <+532>:	add.w	r7, r7, #1
   0x08000cc8 <+536>:	add.w	r7, r7, #1
   0x08000ccc <+540>:	add.w	r7, r7, #1
   0x08000cd0 <+544>:	add.w	r7, r7, #1
   0x08000cd4 <+548>:	add.w	r7, r7, #1
   0x08000cd8 <+552>:	add.w	r7, r7, #1
   0x08000cdc <+556>:	add.w	r7, r7, #1
   0x08000ce0 <+560>:	add.w	r7, r7, #1
   0x08000ce4 <+564>:	add.w	r7, r7, #1
   0x08000ce8 <+568>:	add.w	r7, r7, #1
   0x08000cec <+572>:	add.w	r7, r7, #1
   0x08000cf0 <+576>:	add.w	r7, r7, #1
   0x08000cf4 <+580>:	add.w	r7, r7, #1
   0x08000cf8 <+584>:	add.w	r7, r7, #1
   0x08000cfc <+588>:	add.w	r7, r7, #1
   0x08000d00 <+592>:	add.w	r7, r7, #1
   0x08000d04 <+596>:	add.w	r7, r7, #1
   0x08000d08 <+600>:	add.w	r7, r7, #1
   0x08000d0c <+604>:	add.w	r7, r7, #1
   0x08000d10 <+608>:	add.w	r7, r7, #1
   0x08000d14 <+612>:	add.w	r7, r7, #1
   0x08000d18 <+616>:	add.w	r7, r7, #1
   0x08000d1c <+620>:	add.w	r7, r7, #1
   0x08000d20 <+624>:	add.w	r7, r7, #1
   0x08000d24 <+628>:	add.w	r7, r7, #1
   0x08000d28 <+632>:	add.w	r7, r7, #1
   0x08000d2c <+636>:	add.w	r7, r7, #1
   0x08000d30 <+640>:	add.w	r7, r7, #1
   0x08000d34 <+644>:	add.w	r7, r7, #1
   0x08000d38 <+648>:	add.w	r7, r7, #1
   0x08000d3c <+652>:	add.w	r7, r7, #1
   0x08000d40 <+656>:	add.w	r7, r7, #1
   0x08000d44 <+660>:	add.w	r7, r7, #1
   0x08000d48 <+664>:	add.w	r7, r7, #1
   0x08000d4c <+668>:	add.w	r7, r7, #1
   0x08000d50 <+672>:	add.w	r7, r7, #1
   0x08000d54 <+676>:	add.w	r7, r7, #1
   0x08000d58 <+680>:	add.w	r7, r7, #1
   0x08000d5c <+684>:	add.w	r7, r7, #1
   0x08000d60 <+688>:	add.w	r7, r7, #1
   0x08000d64 <+692>:	add.w	r7, r7, #1
   0x08000d68 <+696>:	add.w	r7, r7, #1
   0x08000d6c <+700>:	add.w	r7, r7, #1
   0x08000d70 <+704>:	add.w	r7, r7, #1
   0x08000d74 <+708>:	add.w	r7, r7, #1
   0x08000d78 <+712>:	add.w	r7, r7, #1
   0x08000d7c <+716>:	add.w	r7, r7, #1
   0x08000d80 <+720>:	add.w	r7, r7, #1
   0x08000d84 <+724>:	add.w	r7, r7, #1
   0x08000d88 <+728>:	add.w	r7, r7, #1
   0x08000d8c <+732>:	add.w	r7, r7, #1
   0x08000d90 <+736>:	add.w	r7, r7, #1
   0x08000d94 <+740>:	add.w	r7, r7, #1
   0x08000d98 <+744>:	add.w	r7, r7, #1
   0x08000d9c <+748>:	add.w	r7, r7, #1
   0x08000da0 <+752>:	add.w	r7, r7, #1
   0x08000da4 <+756>:	add.w	r7, r7, #1
   0x08000da8 <+760>:	add.w	r7, r7, #1
   0x08000dac <+764>:	add.w	r7, r7, #1
   0x08000db0 <+768>:	add.w	r7, r7, #1
   0x08000db4 <+772>:	add.w	r7, r7, #1
   0x08000db8 <+776>:	add.w	r7, r7, #1
   0x08000dbc <+780>:	add.w	r7, r7, #1
   0x08000dc0 <+784>:	add.w	r7, r7, #1
   0x08000dc4 <+788>:	add.w	r7, r7, #1
   0x08000dc8 <+792>:	add.w	r7, r7, #1
   0x08000dcc <+796>:	add.w	r7, r7, #1
   0x08000dd0 <+800>:	add.w	r7, r7, #1
   0x08000dd4 <+804>:	add.w	r7, r7, #1
   0x08000dd8 <+808>:	add.w	r7, r7, #1
   0x08000ddc <+812>:	add.w	r7, r7, #1
   0x08000de0 <+816>:	add.w	r7, r7, #1
   0x08000de4 <+820>:	add.w	r7, r7, #1
   0x08000de8 <+824>:	add.w	r7, r7, #1
   0x08000dec <+828>:	add.w	r7, r7, #1
   0x08000df0 <+832>:	add.w	r7, r7, #1
   0x08000df4 <+836>:	add.w	r7, r7, #1
   0x08000df8 <+840>:	add.w	r7, r7, #1
   0x08000dfc <+844>:	add.w	r7, r7, #1
   0x08000e00 <+848>:	add.w	r7, r7, #1
   0x08000e04 <+852>:	add.w	r7, r7, #1
   0x08000e08 <+856>:	add.w	r7, r7, #1
   0x08000e0c <+860>:	add.w	r7, r7, #1
   0x08000e10 <+864>:	add.w	r7, r7, #1
   0x08000e14 <+868>:	add.w	r7, r7, #1
   0x08000e18 <+872>:	add.w	r7, r7, #1
   0x08000e1c <+876>:	add.w	r7, r7, #1
   0x08000e20 <+880>:	add.w	r7, r7, #1
   0x08000e24 <+884>:	add.w	r7, r7, #1
   0x08000e28 <+888>:	add.w	r7, r7, #1
   0x08000e2c <+892>:	add.w	r7, r7, #1
   0x08000e30 <+896>:	add.w	r7, r7, #1
   0x08000e34 <+900>:	add.w	r7, r7, #1
   0x08000e38 <+904>:	add.w	r7, r7, #1
   0x08000e3c <+908>:	add.w	r7, r7, #1
   0x08000e40 <+912>:	add.w	r7, r7, #1
   0x08000e44 <+916>:	add.w	r7, r7, #1
   0x08000e48 <+920>:	add.w	r7, r7, #1
   0x08000e4c <+924>:	add.w	r7, r7, #1
   0x08000e50 <+928>:	add.w	r7, r7, #1
   0x08000e54 <+932>:	add.w	r7, r7, #1
   0x08000e58 <+936>:	add.w	r7, r7, #1
   0x08000e5c <+940>:	add.w	r7, r7, #1
   0x08000e60 <+944>:	add.w	r7, r7, #1
   0x08000e64 <+948>:	add.w	r7, r7, #1
   0x08000e68 <+952>:	add.w	r7, r7, #1
   0x08000e6c <+956>:	add.w	r7, r7, #1
   0x08000e70 <+960>:	add.w	r7, r7, #1
   0x08000e74 <+964>:	add.w	r7, r7, #1
   0x08000e78 <+968>:	add.w	r7, r7, #1
   0x08000e7c <+972>:	add.w	r7, r7, #1
   0x08000e80 <+976>:	add.w	r7, r7, #1
   0x08000e84 <+980>:	add.w	r7, r7, #1
   0x08000e88 <+984>:	add.w	r7, r7, #1
   0x08000e8c <+988>:	add.w	r7, r7, #1
   0x08000e90 <+992>:	add.w	r7, r7, #1
   0x08000e94 <+996>:	add.w	r7, r7, #1
   0x08000e98 <+1000>:	add.w	r7, r7, #1
   0x08000e9c <+1004>:	add.w	r7, r7, #1
   0x08000ea0 <+1008>:	add.w	r7, r7, #1
   0x08000ea4 <+1012>:	add.w	r7, r7, #1
   0x08000ea8 <+1016>:	add.w	r7, r7, #1
   0x08000eac <+1020>:	add.w	r7, r7, #1
   0x08000eb0 <+1024>:	add.w	r7, r7, #1
   0x08000eb4 <+1028>:	add.w	r7, r7, #1
   0x08000eb8 <+1032>:	add.w	r7, r7, #1
   0x08000ebc <+1036>:	add.w	r7, r7, #1
   0x08000ec0 <+1040>:	add.w	r7, r7, #1
   0x08000ec4 <+1044>:	add.w	r7, r7, #1
   0x08000ec8 <+1048>:	add.w	r7, r7, #1
   0x08000ecc <+1052>:	add.w	r7, r7, #1
   0x08000ed0 <+1056>:	add.w	r7, r7, #1
   0x08000ed4 <+1060>:	add.w	r7, r7, #1
   0x08000ed8 <+1064>:	add.w	r7, r7, #1
   0x08000edc <+1068>:	add.w	r7, r7, #1
   0x08000ee0 <+1072>:	add.w	r7, r7, #1
   0x08000ee4 <+1076>:	add.w	r7, r7, #1
   0x08000ee8 <+1080>:	add.w	r7, r7, #1
   0x08000eec <+1084>:	add.w	r7, r7, #1
   0x08000ef0 <+1088>:	add.w	r7, r7, #1
   0x08000ef4 <+1092>:	add.w	r7, r7, #1
   0x08000ef8 <+1096>:	add.w	r7, r7, #1
   0x08000efc <+1100>:	add.w	r7, r7, #1
   0x08000f00 <+1104>:	add.w	r7, r7, #1
   0x08000f04 <+1108>:	add.w	r7, r7, #1
   0x08000f08 <+1112>:	add.w	r7, r7, #1
   0x08000f0c <+1116>:	add.w	r7, r7, #1
   0x08000f10 <+1120>:	add.w	r7, r7, #1
   0x08000f14 <+1124>:	add.w	r7, r7, #1
   0x08000f18 <+1128>:	ldr	r0, [pc, #28]	; (0x8000f38 <main+1160>)
   0x08000f1a <+1130>:	movs	r1, #255	; 0xff
   0x08000f1c <+1132>:	bl	0x8000590 <GPIO_Write>
=> 0x08000f20 <+1136>:	nop
   0x08000f22 <+1138>:	nop
   0x08000f24 <+1140>:	nop
   0x08000f26 <+1142>:	nop
   0x08000f28 <+1144>:	nop
   0x08000f2a <+1146>:	nop
   0x08000f2c <+1148>:	nop
   0x08000f2e <+1150>:	nop
   0x08000f30 <+1152>:	nop
   0x08000f32 <+1154>:	nop
   0x08000f34 <+1156>:	pop	{r4, r5, r6, pc}
   0x08000f36 <+1158>:	nop
   0x08000f38 <+1160>:	lsrs	r0, r0, #16
   0x08000f3a <+1162>:	ands	r2, r0
End of assembler dump.
